#-----------------------------------------------------------
# PlanAhead v14.7 (64-bit)
# Build 321239 by xbuild on Fri Sep 27 19:29:51 MDT 2013
# Start of session at: Wed May 11 14:34:32 2022
# Process ID: 23824
# Log file: C:/Users/Apirak Oulis/Documents/GitHub/Project_HARDWARE_DESIGN/HWD_PROJ_7SEGMENT/planAhead_run_1/planAhead.log
# Journal file: C:/Users/Apirak Oulis/Documents/GitHub/Project_HARDWARE_DESIGN/HWD_PROJ_7SEGMENT/planAhead_run_1/planAhead.jou
#-----------------------------------------------------------
INFO: [Common 17-78] Attempting to get a license: PlanAhead
INFO: [Common 17-290] Got license for PlanAhead
INFO: [Common 17-86] Your PlanAhead license expires in -527 day(s)
INFO: [Device 21-36] Loading parts and site information from D:/FPGA/14.7/ISE_DS/PlanAhead/data/parts/arch.xml
Parsing RTL primitives file [D:/FPGA/14.7/ISE_DS/PlanAhead/data/parts/xilinx/rtl/prims/rtl_prims.xml]
Finished parsing RTL primitives file [D:/FPGA/14.7/ISE_DS/PlanAhead/data/parts/xilinx/rtl/prims/rtl_prims.xml]
start_gui
source {C:/Users/Apirak Oulis/Documents/GitHub/Project_HARDWARE_DESIGN/HWD_PROJ_7SEGMENT/pa.fromHdl.tcl}
# create_project -name HWD_PROJ_7SEGMENT -dir "C:/Users/Apirak Oulis/Documents/GitHub/Project_HARDWARE_DESIGN/HWD_PROJ_7SEGMENT/planAhead_run_1" -part xc6slx9tqg144-3
create_project: Time (s): elapsed = 00:00:05 . Memory (MB): peak = 385.922 ; gain = 81.516
# set_param project.pinAheadLayout yes
# set srcset [get_property srcset [current_run -impl]]
# set_property target_constrs_file "Testmap.ucf" [current_fileset -constrset]
Adding file 'C:/Users/Apirak Oulis/Documents/GitHub/Project_HARDWARE_DESIGN/HWD_PROJ_7SEGMENT/Testmap.ucf' to fileset 'constrs_1'
# set hdlfile [add_files [list {my_7segment.vhd}]]
# set_property file_type VHDL $hdlfile
# set_property library work $hdlfile
# set hdlfile [add_files [list {Testmap.vf}]]
# set_property file_type Verilog $hdlfile
# set_property library work $hdlfile
# set_property top Testmap $srcset
# add_files [list {Testmap.ucf}] -fileset [get_property constrset [current_run]]
# open_rtl_design -part xc6slx9tqg144-3
Using Verific elaboration
Parsing VHDL file "D:/FPGA/14.7/ISE_DS/PlanAhead/data/parts/xilinx/rtl/lib/synplify/synattr.vhd" into library synplify
Parsing VHDL file "D:/FPGA/14.7/ISE_DS/PlanAhead/data/parts/xilinx/rtl/lib/synplify/synattr.vhd" into library synplify
Parsing VHDL file "C:/Users/Apirak Oulis/Documents/GitHub/Project_HARDWARE_DESIGN/HWD_PROJ_7SEGMENT/my_7segment.vhd" into library work
Loading clock regions from D:/FPGA/14.7/ISE_DS/PlanAhead/data\parts/xilinx/spartan6/spartan6lx/xc6slx9/ClockRegion.xml
Loading clock buffers from D:/FPGA/14.7/ISE_DS/PlanAhead/data\parts/xilinx/spartan6/spartan6lx/xc6slx9/ClockBuffers.xml
Loading package pin functions from D:/FPGA/14.7/ISE_DS/PlanAhead/data\parts/xilinx/spartan6/PinFunctions.xml...
Loading package from D:/FPGA/14.7/ISE_DS/PlanAhead/data\parts/xilinx/spartan6/spartan6lx/xc6slx9/tqg144/Package.xml
Loading io standards from D:/FPGA/14.7/ISE_DS/PlanAhead/data\./parts/xilinx/spartan6/IOStandards.xml
Loading device configuration modes from D:/FPGA/14.7/ISE_DS/PlanAhead/data\parts/xilinx/spartan6/ConfigModes.xml
Loading list of drcs for the architecture : D:/FPGA/14.7/ISE_DS/PlanAhead/data\./parts/xilinx/spartan6/drc.xml
Parsing UCF File [C:/Users/Apirak Oulis/Documents/GitHub/Project_HARDWARE_DESIGN/HWD_PROJ_7SEGMENT/Testmap.ucf]
Finished Parsing UCF File [C:/Users/Apirak Oulis/Documents/GitHub/Project_HARDWARE_DESIGN/HWD_PROJ_7SEGMENT/Testmap.ucf]
INFO: [Project 1-111] Unisim Transformation Summary:
No Unisim elements were transformed.

Phase 0 | Netlist Checksum: c4f72f60
open_rtl_design: Time (s): elapsed = 00:00:19 . Memory (MB): peak = 611.887 ; gain = 200.098
update_compile_order -fileset sim_1
exit
ERROR: [PlanAhead 12-106] *** Exception: ui.h.b: Found deleted key in HTclEventBroker. Verify if the classes listed here call cleanup()
HTclEvent: SIGNAL_BUS_MODIFY   Classes: ui.views.aR 
HTclEvent: DEBUG_CORE_CONFIG_CHANGE   Classes: ui.views.aR 
HTclEvent: SIGNAL_MODIFY   Classes: ui.views.aR 
HTclEvent: DEBUG_PORT_CONFIG_CHANGE   Classes: ui.views.aR 
 (See C:/Users/Apirak Oulis/Documents/GitHub/Project_HARDWARE_DESIGN/HWD_PROJ_7SEGMENT\planAhead_pid23824.debug)
ERROR: [Common 17-39] 'stop_gui' failed due to earlier errors.
INFO: [Common 17-206] Exiting PlanAhead at Wed May 11 14:35:40 2022...
INFO: [Common 17-83] Releasing license: PlanAhead
